[debug] [2020-04-16T15:45:09.675Z] ----------------------------------------------------------------------
[debug] [2020-04-16T15:45:09.679Z] Command:       /usr/local/bin/node /usr/local/bin/firebase serve --only hosting
[debug] [2020-04-16T15:45:09.680Z] CLI Version:   8.0.3
[debug] [2020-04-16T15:45:09.680Z] Platform:      linux
[debug] [2020-04-16T15:45:09.681Z] Node Version:  v13.9.0
[debug] [2020-04-16T15:45:09.681Z] Time:          Thu Apr 16 2020 12:45:09 GMT-0300 (Horário Padrão de Brasília)
[debug] [2020-04-16T15:45:09.682Z] ----------------------------------------------------------------------
[debug] [2020-04-16T15:45:09.682Z] 
[debug] [2020-04-16T15:45:09.694Z] > command requires scopes: ["email","openid","https://www.googleapis.com/auth/cloudplatformprojects.readonly","https://www.googleapis.com/auth/firebase","https://www.googleapis.com/auth/cloud-platform"]
[debug] [2020-04-16T15:45:09.695Z] > authorizing via signed-in user
[debug] [2020-04-16T15:45:09.696Z] [iam] checking project eagle-care-tele-consulta for permissions ["firebase.projects.get"]
[debug] [2020-04-16T15:45:09.701Z] >>> HTTP REQUEST POST https://cloudresourcemanager.googleapis.com/v1/projects/eagle-care-tele-consulta:testIamPermissions  
 {"permissions":["firebase.projects.get"]}
[debug] [2020-04-16T15:45:10.904Z] <<< HTTP RESPONSE 200 {"content-type":"application/json; charset=UTF-8","vary":"X-Origin, Referer, Origin,Accept-Encoding","date":"Thu, 16 Apr 2020 15:45:10 GMT","server":"ESF","cache-control":"private","x-xss-protection":"0","x-frame-options":"SAMEORIGIN","x-content-type-options":"nosniff","server-timing":"gfet4t7; dur=849","alt-svc":"quic=\":443\"; ma=2592000; v=\"46,43\",h3-Q050=\":443\"; ma=2592000,h3-Q049=\":443\"; ma=2592000,h3-Q048=\":443\"; ma=2592000,h3-Q046=\":443\"; ma=2592000,h3-Q043=\":443\"; ma=2592000,h3-T050=\":443\"; ma=2592000","accept-ranges":"none","transfer-encoding":"chunked"}
[debug] [2020-04-16T15:45:10.908Z] >>> HTTP REQUEST GET https://firebase.googleapis.com/v1beta1/projects/eagle-care-tele-consulta  
 
[debug] [2020-04-16T15:45:12.178Z] <<< HTTP RESPONSE 200 {"content-type":"application/json; charset=UTF-8","vary":"X-Origin, Referer, Origin,Accept-Encoding","date":"Thu, 16 Apr 2020 15:45:12 GMT","server":"ESF","cache-control":"private","x-xss-protection":"0","x-frame-options":"SAMEORIGIN","x-content-type-options":"nosniff","alt-svc":"quic=\":443\"; ma=2592000; v=\"46,43\",h3-Q050=\":443\"; ma=2592000,h3-Q049=\":443\"; ma=2592000,h3-Q048=\":443\"; ma=2592000,h3-Q046=\":443\"; ma=2592000,h3-Q043=\":443\"; ma=2592000,h3-T050=\":443\"; ma=2592000","accept-ranges":"none","transfer-encoding":"chunked"}
[debug] [2020-04-16T15:45:12.184Z] >>> HTTP REQUEST GET https://firebase.googleapis.com/v1beta1/projects/eagle-care-tele-consulta/webApps/-/config  
 
[debug] [2020-04-16T15:45:12.750Z] <<< HTTP RESPONSE 200 {"content-type":"application/json; charset=UTF-8","vary":"X-Origin, Referer, Origin,Accept-Encoding","date":"Thu, 16 Apr 2020 15:45:12 GMT","server":"ESF","cache-control":"private","x-xss-protection":"0","x-frame-options":"SAMEORIGIN","x-content-type-options":"nosniff","alt-svc":"quic=\":443\"; ma=2592000; v=\"46,43\",h3-Q050=\":443\"; ma=2592000,h3-Q049=\":443\"; ma=2592000,h3-Q048=\":443\"; ma=2592000,h3-Q046=\":443\"; ma=2592000,h3-Q043=\":443\"; ma=2592000,h3-T050=\":443\"; ma=2592000","accept-ranges":"none","transfer-encoding":"chunked"}
[info] i  hosting: Serving hosting files from: public
[info] ✔  hosting: Local server: http://localhost:5000
